<?xml version="1.0" encoding="UTF-8"?>
<!-- Generated by org.testng.reporters.JUnitReportReporter -->
<testsuite hostname="CPC-Kajol-MXOVO" failures="0" tests="6" name="com.test.user.All_scenarios" time="19.117" errors="0" timestamp="2024-02-07T23:33:20 PST" skipped="0">
  <testcase classname="com.test.user.All_scenarios" name="RUNALL" time="10.110"/>
  <system-out/>
  <testcase classname="com.test.user.All_scenarios" name="CheckGoogleURL" time="0.002"/>
  <system-out/>
  <testcase classname="com.test.user.All_scenarios" name="CheckGoogleSearchButton" time="0.003"/>
  <system-out/>
  <testcase classname="com.test.user.All_scenarios" name="CheckGoogleSearchBox" time="0.005"/>
  <system-out/>
  <testcase classname="com.test.user.All_scenarios" name="RUNALL" time="4.853"/>
  <system-out/>
  <testcase classname="com.test.user.All_scenarios" name="RUNALL" time="4.144"/>
  <system-out/>
</testsuite> <!-- com.test.user.All_scenarios -->
